AI: 2025/04/17 10:33:03 ai.go:222: Tetrimino: T | Rotation: 3 | X: 0 | Y: 18 | Score: -11.4736
AI: 2025/04/17 10:33:03 ai.go:222: Tetrimino: T | Rotation: 3 | X: 1 | Y: 18 | Score: -11.5011
AI: 2025/04/17 10:33:03 ai.go:222: Tetrimino: T | Rotation: 3 | X: 2 | Y: 18 | Score: -11.5011
AI: 2025/04/17 10:33:03 ai.go:222: Tetrimino: T | Rotation: 0 | X: 0 | Y: 18 | Score: -11.4736
AI: 2025/04/17 10:33:03 ai.go:222: Tetrimino: T | Rotation: 0 | X: 1 | Y: 18 | Score: -11.5011
AI: 2025/04/17 10:33:03 ai.go:222: Tetrimino: T | Rotation: 0 | X: 2 | Y: 18 | Score: -11.5011
AI: 2025/04/17 10:33:03 ai.go:222: Tetrimino: T | Rotation: 0 | X: 3 | Y: 18 | Score: -11.5011
AI: 2025/04/17 10:33:03 ai.go:222: Tetrimino: T | Rotation: 0 | X: 4 | Y: 18 | Score: -11.5011
AI: 2025/04/17 10:33:03 ai.go:222: Tetrimino: T | Rotation: 1 | X: 0 | Y: 18 | Score: -11.4736
AI: 2025/04/17 10:33:03 ai.go:222: Tetrimino: T | Rotation: 1 | X: 1 | Y: 18 | Score: -11.5011
AI: 2025/04/17 10:33:03 ai.go:222: Tetrimino: T | Rotation: 1 | X: 2 | Y: 18 | Score: -11.5011
AI: 2025/04/17 10:33:03 ai.go:222: Tetrimino: T | Rotation: 1 | X: 3 | Y: 18 | Score: -11.5011
AI: 2025/04/17 10:33:03 ai.go:222: Tetrimino: T | Rotation: 1 | X: 4 | Y: 18 | Score: -11.5011
AI: 2025/04/17 10:33:03 ai.go:222: Tetrimino: T | Rotation: 2 | X: 0 | Y: 18 | Score: -11.4736
AI: 2025/04/17 10:33:03 ai.go:222: Tetrimino: T | Rotation: 2 | X: 1 | Y: 18 | Score: -11.5011
AI: 2025/04/17 10:33:03 ai.go:222: Tetrimino: T | Rotation: 3 | X: 3 | Y: 18 | Score: -11.5011
AI: 2025/04/17 10:33:03 ai.go:222: Tetrimino: T | Rotation: 3 | X: 4 | Y: 18 | Score: -11.5011
AI: 2025/04/17 10:33:03 ai.go:222: Tetrimino: T | Rotation: 0 | X: 5 | Y: 18 | Score: -11.5011
AI: 2025/04/17 10:33:03 ai.go:222: Tetrimino: T | Rotation: 0 | X: 6 | Y: 18 | Score: -11.5011
AI: 2025/04/17 10:33:03 ai.go:222: Tetrimino: T | Rotation: 0 | X: 7 | Y: 18 | Score: -11.4736
AI: 2025/04/17 10:33:03 ai.go:222: Tetrimino: T | Rotation: 1 | X: 5 | Y: 18 | Score: -11.5011
AI: 2025/04/17 10:33:03 ai.go:222: Tetrimino: T | Rotation: 1 | X: 6 | Y: 18 | Score: -11.5011
AI: 2025/04/17 10:33:03 ai.go:222: Tetrimino: T | Rotation: 1 | X: 7 | Y: 18 | Score: -11.4736
AI: 2025/04/17 10:33:03 ai.go:222: Tetrimino: T | Rotation: 2 | X: 2 | Y: 18 | Score: -11.5011
AI: 2025/04/17 10:33:03 ai.go:222: Tetrimino: T | Rotation: 2 | X: 3 | Y: 18 | Score: -11.5011
AI: 2025/04/17 10:33:03 ai.go:222: Tetrimino: T | Rotation: 2 | X: 4 | Y: 18 | Score: -11.5011
AI: 2025/04/17 10:33:03 ai.go:222: Tetrimino: T | Rotation: 3 | X: 5 | Y: 18 | Score: -11.5011
AI: 2025/04/17 10:33:03 ai.go:222: Tetrimino: T | Rotation: 3 | X: 6 | Y: 18 | Score: -11.5011
AI: 2025/04/17 10:33:03 ai.go:222: Tetrimino: T | Rotation: 3 | X: 7 | Y: 18 | Score: -11.4736
AI: 2025/04/17 10:33:03 ai.go:222: Tetrimino: T | Rotation: 2 | X: 5 | Y: 18 | Score: -11.5011
AI: 2025/04/17 10:33:03 ai.go:222: Tetrimino: T | Rotation: 2 | X: 6 | Y: 18 | Score: -11.5011
AI: 2025/04/17 10:33:03 ai.go:222: Tetrimino: T | Rotation: 2 | X: 7 | Y: 18 | Score: -11.4736
AI: 2025/04/17 10:33:04 ai.go:222: Tetrimino: L | Rotation: 3 | X: 0 | Y: 15 | Score: -54.1580
AI: 2025/04/17 10:33:04 ai.go:222: Tetrimino: L | Rotation: 3 | X: 1 | Y: 15 | Score: -62.3413
AI: 2025/04/17 10:33:04 ai.go:222: Tetrimino: L | Rotation: 3 | X: 2 | Y: 18 | Score: -28.7957
AI: 2025/04/17 10:33:04 ai.go:222: Tetrimino: L | Rotation: 1 | X: 0 | Y: 15 | Score: -54.1580
AI: 2025/04/17 10:33:04 ai.go:222: Tetrimino: L | Rotation: 0 | X: 0 | Y: 15 | Score: -54.1580
AI: 2025/04/17 10:33:04 ai.go:222: Tetrimino: L | Rotation: 0 | X: 1 | Y: 15 | Score: -62.3413
AI: 2025/04/17 10:33:04 ai.go:222: Tetrimino: L | Rotation: 0 | X: 2 | Y: 18 | Score: -28.7957
AI: 2025/04/17 10:33:04 ai.go:222: Tetrimino: L | Rotation: 0 | X: 3 | Y: 18 | Score: -28.8507
AI: 2025/04/17 10:33:04 ai.go:222: Tetrimino: L | Rotation: 0 | X: 4 | Y: 18 | Score: -28.8507
AI: 2025/04/17 10:33:04 ai.go:222: Tetrimino: L | Rotation: 2 | X: 0 | Y: 15 | Score: -54.1580
AI: 2025/04/17 10:33:04 ai.go:222: Tetrimino: L | Rotation: 2 | X: 1 | Y: 15 | Score: -62.3413
AI: 2025/04/17 10:33:04 ai.go:222: Tetrimino: L | Rotation: 2 | X: 2 | Y: 18 | Score: -28.7957
AI: 2025/04/17 10:33:04 ai.go:222: Tetrimino: L | Rotation: 2 | X: 3 | Y: 18 | Score: -28.8507
AI: 2025/04/17 10:33:04 ai.go:222: Tetrimino: L | Rotation: 2 | X: 4 | Y: 18 | Score: -28.8507
AI: 2025/04/17 10:33:04 ai.go:222: Tetrimino: L | Rotation: 2 | X: 5 | Y: 18 | Score: -28.8507
AI: 2025/04/17 10:33:04 ai.go:222: Tetrimino: L | Rotation: 2 | X: 6 | Y: 18 | Score: -28.8507
AI: 2025/04/17 10:33:04 ai.go:222: Tetrimino: L | Rotation: 3 | X: 3 | Y: 18 | Score: -28.8507
AI: 2025/04/17 10:33:04 ai.go:222: Tetrimino: L | Rotation: 3 | X: 4 | Y: 18 | Score: -28.8507
AI: 2025/04/17 10:33:04 ai.go:222: Tetrimino: L | Rotation: 3 | X: 5 | Y: 18 | Score: -28.8507
AI: 2025/04/17 10:33:04 ai.go:222: Tetrimino: L | Rotation: 3 | X: 6 | Y: 18 | Score: -28.8507
AI: 2025/04/17 10:33:04 ai.go:222: Tetrimino: L | Rotation: 3 | X: 7 | Y: 18 | Score: -28.7957
AI: 2025/04/17 10:33:04 ai.go:222: Tetrimino: L | Rotation: 1 | X: 1 | Y: 15 | Score: -62.3413
AI: 2025/04/17 10:33:04 ai.go:222: Tetrimino: L | Rotation: 1 | X: 2 | Y: 18 | Score: -28.7957
AI: 2025/04/17 10:33:04 ai.go:222: Tetrimino: L | Rotation: 1 | X: 3 | Y: 18 | Score: -28.8507
AI: 2025/04/17 10:33:04 ai.go:222: Tetrimino: L | Rotation: 0 | X: 5 | Y: 18 | Score: -28.8507
AI: 2025/04/17 10:33:04 ai.go:222: Tetrimino: L | Rotation: 2 | X: 7 | Y: 18 | Score: -28.7957
AI: 2025/04/17 10:33:04 ai.go:222: Tetrimino: L | Rotation: 1 | X: 4 | Y: 18 | Score: -28.8507
AI: 2025/04/17 10:33:04 ai.go:222: Tetrimino: L | Rotation: 1 | X: 5 | Y: 18 | Score: -28.8507
AI: 2025/04/17 10:33:04 ai.go:222: Tetrimino: L | Rotation: 0 | X: 6 | Y: 18 | Score: -28.8507
AI: 2025/04/17 10:33:04 ai.go:222: Tetrimino: L | Rotation: 0 | X: 7 | Y: 18 | Score: -28.7957
AI: 2025/04/17 10:33:04 ai.go:222: Tetrimino: L | Rotation: 1 | X: 6 | Y: 18 | Score: -28.8507
AI: 2025/04/17 10:33:04 ai.go:222: Tetrimino: L | Rotation: 1 | X: 7 | Y: 18 | Score: -28.7957
AI: 2025/04/17 10:33:05 ai.go:222: Tetrimino: S | Rotation: 1 | X: 0 | Y: 15 | Score: -72.1780
AI: 2025/04/17 10:33:05 ai.go:222: Tetrimino: S | Rotation: 1 | X: 1 | Y: 15 | Score: -72.2330
AI: 2025/04/17 10:33:05 ai.go:222: Tetrimino: S | Rotation: 1 | X: 2 | Y: 16 | Score: -59.8769
AI: 2025/04/17 10:33:05 ai.go:222: Tetrimino: S | Rotation: 1 | X: 3 | Y: 16 | Score: -68.0601
AI: 2025/04/17 10:33:05 ai.go:222: Tetrimino: S | Rotation: 1 | X: 4 | Y: 16 | Score: -76.1884
AI: 2025/04/17 10:33:05 ai.go:222: Tetrimino: S | Rotation: 1 | X: 5 | Y: 18 | Score: -53.5433
AI: 2025/04/17 10:33:05 ai.go:222: Tetrimino: S | Rotation: 1 | X: 6 | Y: 18 | Score: -53.5983
AI: 2025/04/17 10:33:05 ai.go:222: Tetrimino: S | Rotation: 1 | X: 7 | Y: 18 | Score: -53.5433
AI: 2025/04/17 10:33:05 ai.go:222: Tetrimino: S | Rotation: 0 | X: 0 | Y: 15 | Score: -72.1780
AI: 2025/04/17 10:33:05 ai.go:222: Tetrimino: S | Rotation: 0 | X: 1 | Y: 15 | Score: -72.2330
AI: 2025/04/17 10:33:05 ai.go:222: Tetrimino: S | Rotation: 0 | X: 2 | Y: 16 | Score: -59.8769
AI: 2025/04/17 10:33:05 ai.go:222: Tetrimino: S | Rotation: 0 | X: 3 | Y: 16 | Score: -68.0601
AI: 2025/04/17 10:33:05 ai.go:222: Tetrimino: S | Rotation: 0 | X: 4 | Y: 16 | Score: -76.1884
AI: 2025/04/17 10:33:05 ai.go:222: Tetrimino: S | Rotation: 0 | X: 5 | Y: 18 | Score: -53.5433
AI: 2025/04/17 10:33:05 ai.go:222: Tetrimino: S | Rotation: 0 | X: 6 | Y: 18 | Score: -53.5983
AI: 2025/04/17 10:33:05 ai.go:222: Tetrimino: S | Rotation: 0 | X: 7 | Y: 18 | Score: -53.5433
AI: 2025/04/17 10:33:06 ai.go:222: Tetrimino: O | Rotation: 0 | X: 0 | Y: 15 | Score: -77.4108
AI: 2025/04/17 10:33:06 ai.go:222: Tetrimino: O | Rotation: 0 | X: 1 | Y: 15 | Score: -77.4933
AI: 2025/04/17 10:33:06 ai.go:222: Tetrimino: O | Rotation: 0 | X: 2 | Y: 16 | Score: -70.6410
AI: 2025/04/17 10:33:06 ai.go:222: Tetrimino: O | Rotation: 0 | X: 3 | Y: 16 | Score: -70.6960
AI: 2025/04/17 10:33:06 ai.go:222: Tetrimino: O | Rotation: 0 | X: 4 | Y: 16 | Score: -75.1343
AI: 2025/04/17 10:33:06 ai.go:222: Tetrimino: O | Rotation: 0 | X: 5 | Y: 16 | Score: -75.1343
AI: 2025/04/17 10:33:06 ai.go:222: Tetrimino: O | Rotation: 0 | X: 6 | Y: 16 | Score: -70.6960
AI: 2025/04/17 10:33:06 ai.go:222: Tetrimino: O | Rotation: 0 | X: 7 | Y: 16 | Score: -78.8243
AI: 2025/04/17 10:33:06 ai.go:222: Tetrimino: O | Rotation: 0 | X: 8 | Y: 18 | Score: -65.5528
AI: 2025/04/17 10:33:07 ai.go:222: Tetrimino: I | Rotation: 1 | X: 0 | Y: 16 | Score: -98.6551
AI: 2025/04/17 10:33:07 ai.go:222: Tetrimino: I | Rotation: 1 | X: 1 | Y: 16 | Score: -98.7101
AI: 2025/04/17 10:33:07 ai.go:222: Tetrimino: I | Rotation: 1 | X: 2 | Y: 17 | Score: -86.0069
AI: 2025/04/17 10:33:07 ai.go:222: Tetrimino: I | Rotation: 1 | X: 3 | Y: 17 | Score: -86.0619
AI: 2025/04/17 10:33:07 ai.go:222: Tetrimino: I | Rotation: 1 | X: 4 | Y: 17 | Score: -86.0619
AI: 2025/04/17 10:33:07 ai.go:222: Tetrimino: I | Rotation: 1 | X: 5 | Y: 17 | Score: -86.0619
AI: 2025/04/17 10:33:07 ai.go:222: Tetrimino: I | Rotation: 1 | X: 6 | Y: 17 | Score: -81.6578
AI: 2025/04/17 10:33:07 ai.go:222: Tetrimino: I | Rotation: 0 | X: 0 | Y: 16 | Score: -98.6551
AI: 2025/04/17 10:33:07 ai.go:222: Tetrimino: I | Rotation: 0 | X: 1 | Y: 16 | Score: -98.7101
AI: 2025/04/17 10:33:07 ai.go:222: Tetrimino: I | Rotation: 0 | X: 2 | Y: 17 | Score: -86.0069
AI: 2025/04/17 10:33:07 ai.go:222: Tetrimino: I | Rotation: 0 | X: 3 | Y: 17 | Score: -86.0619
AI: 2025/04/17 10:33:07 ai.go:222: Tetrimino: I | Rotation: 0 | X: 4 | Y: 17 | Score: -86.0619
AI: 2025/04/17 10:33:07 ai.go:222: Tetrimino: I | Rotation: 0 | X: 5 | Y: 17 | Score: -86.0619
AI: 2025/04/17 10:33:07 ai.go:222: Tetrimino: I | Rotation: 0 | X: 6 | Y: 17 | Score: -81.6578
AI: 2025/04/17 10:33:08 ai.go:222: Tetrimino: J | Rotation: 3 | X: 0 | Y: 15 | Score: -112.9252
AI: 2025/04/17 10:33:08 ai.go:222: Tetrimino: J | Rotation: 1 | X: 0 | Y: 15 | Score: -112.9252
AI: 2025/04/17 10:33:08 ai.go:222: Tetrimino: J | Rotation: 1 | X: 1 | Y: 15 | Score: -113.0077
AI: 2025/04/17 10:33:08 ai.go:222: Tetrimino: J | Rotation: 0 | X: 0 | Y: 15 | Score: -112.9252
AI: 2025/04/17 10:33:08 ai.go:222: Tetrimino: J | Rotation: 3 | X: 1 | Y: 15 | Score: -113.0077
AI: 2025/04/17 10:33:08 ai.go:222: Tetrimino: J | Rotation: 0 | X: 1 | Y: 15 | Score: -113.0077
AI: 2025/04/17 10:33:08 ai.go:222: Tetrimino: J | Rotation: 0 | X: 2 | Y: 16 | Score: -101.1033
AI: 2025/04/17 10:33:08 ai.go:222: Tetrimino: J | Rotation: 0 | X: 3 | Y: 16 | Score: -105.4799
AI: 2025/04/17 10:33:08 ai.go:222: Tetrimino: J | Rotation: 1 | X: 2 | Y: 16 | Score: -101.1033
AI: 2025/04/17 10:33:08 ai.go:222: Tetrimino: J | Rotation: 1 | X: 3 | Y: 16 | Score: -105.4799
AI: 2025/04/17 10:33:08 ai.go:222: Tetrimino: J | Rotation: 2 | X: 0 | Y: 15 | Score: -112.9252
AI: 2025/04/17 10:33:08 ai.go:222: Tetrimino: J | Rotation: 3 | X: 2 | Y: 16 | Score: -101.1033
AI: 2025/04/17 10:33:08 ai.go:222: Tetrimino: J | Rotation: 3 | X: 3 | Y: 16 | Score: -105.4799
AI: 2025/04/17 10:33:08 ai.go:222: Tetrimino: J | Rotation: 0 | X: 4 | Y: 12 | Score: -156.9159
AI: 2025/04/17 10:33:08 ai.go:222: Tetrimino: J | Rotation: 0 | X: 5 | Y: 12 | Score: -156.9159
AI: 2025/04/17 10:33:08 ai.go:222: Tetrimino: J | Rotation: 1 | X: 4 | Y: 12 | Score: -156.9159
AI: 2025/04/17 10:33:08 ai.go:222: Tetrimino: J | Rotation: 1 | X: 5 | Y: 12 | Score: -156.9159
AI: 2025/04/17 10:33:08 ai.go:222: Tetrimino: J | Rotation: 2 | X: 1 | Y: 15 | Score: -113.0077
AI: 2025/04/17 10:33:08 ai.go:222: Tetrimino: J | Rotation: 2 | X: 2 | Y: 16 | Score: -101.1033
AI: 2025/04/17 10:33:08 ai.go:222: Tetrimino: J | Rotation: 3 | X: 4 | Y: 12 | Score: -156.9159
AI: 2025/04/17 10:33:08 ai.go:222: Tetrimino: J | Rotation: 3 | X: 5 | Y: 12 | Score: -156.9159
AI: 2025/04/17 10:33:08 ai.go:222: Tetrimino: J | Rotation: 0 | X: 6 | Y: 12 | Score: -152.5392
AI: 2025/04/17 10:33:08 ai.go:222: Tetrimino: J | Rotation: 0 | X: 7 | Y: 16 | Score: -101.0208
AI: 2025/04/17 10:33:08 ai.go:222: Tetrimino: J | Rotation: 1 | X: 6 | Y: 12 | Score: -152.5392
AI: 2025/04/17 10:33:08 ai.go:222: Tetrimino: J | Rotation: 1 | X: 7 | Y: 16 | Score: -101.0208
AI: 2025/04/17 10:33:08 ai.go:222: Tetrimino: J | Rotation: 2 | X: 3 | Y: 16 | Score: -105.4799
AI: 2025/04/17 10:33:08 ai.go:222: Tetrimino: J | Rotation: 2 | X: 4 | Y: 12 | Score: -156.9159
AI: 2025/04/17 10:33:08 ai.go:222: Tetrimino: J | Rotation: 2 | X: 5 | Y: 12 | Score: -156.9159
AI: 2025/04/17 10:33:08 ai.go:222: Tetrimino: J | Rotation: 2 | X: 6 | Y: 12 | Score: -152.5392
AI: 2025/04/17 10:33:08 ai.go:222: Tetrimino: J | Rotation: 3 | X: 6 | Y: 12 | Score: -152.5392
AI: 2025/04/17 10:33:08 ai.go:222: Tetrimino: J | Rotation: 2 | X: 7 | Y: 16 | Score: -101.0208
AI: 2025/04/17 10:33:08 ai.go:222: Tetrimino: J | Rotation: 3 | X: 7 | Y: 16 | Score: -101.0208
AI: 2025/04/17 10:33:09 ai.go:222: Tetrimino: Z | Rotation: 1 | X: 0 | Y: 15 | Score: -147.5878
AI: 2025/04/17 10:33:09 ai.go:222: Tetrimino: Z | Rotation: 1 | X: 1 | Y: 16 | Score: -130.3239
AI: 2025/04/17 10:33:09 ai.go:222: Tetrimino: Z | Rotation: 1 | X: 2 | Y: 16 | Score: -135.3758
AI: 2025/04/17 10:33:09 ai.go:222: Tetrimino: Z | Rotation: 1 | X: 3 | Y: 16 | Score: -139.7525
AI: 2025/04/17 10:33:09 ai.go:222: Tetrimino: Z | Rotation: 0 | X: 0 | Y: 15 | Score: -147.5878
AI: 2025/04/17 10:33:09 ai.go:222: Tetrimino: Z | Rotation: 1 | X: 4 | Y: 12 | Score: -192.5387
AI: 2025/04/17 10:33:09 ai.go:222: Tetrimino: Z | Rotation: 1 | X: 5 | Y: 12 | Score: -176.0891
AI: 2025/04/17 10:33:09 ai.go:222: Tetrimino: Z | Rotation: 1 | X: 6 | Y: 13 | Score: -134.8783
AI: 2025/04/17 10:33:09 ai.go:222: Tetrimino: Z | Rotation: 0 | X: 1 | Y: 16 | Score: -130.3239
AI: 2025/04/17 10:33:09 ai.go:222: Tetrimino: Z | Rotation: 0 | X: 2 | Y: 16 | Score: -135.3758
AI: 2025/04/17 10:33:09 ai.go:222: Tetrimino: Z | Rotation: 0 | X: 3 | Y: 16 | Score: -139.7525
AI: 2025/04/17 10:33:09 ai.go:222: Tetrimino: Z | Rotation: 1 | X: 7 | Y: 13 | Score: -157.4600
AI: 2025/04/17 10:33:09 ai.go:222: Tetrimino: Z | Rotation: 0 | X: 4 | Y: 12 | Score: -192.5387
AI: 2025/04/17 10:33:09 ai.go:222: Tetrimino: Z | Rotation: 0 | X: 5 | Y: 12 | Score: -176.0891
AI: 2025/04/17 10:33:09 ai.go:222: Tetrimino: Z | Rotation: 0 | X: 6 | Y: 13 | Score: -134.8783
AI: 2025/04/17 10:33:09 ai.go:222: Tetrimino: Z | Rotation: 0 | X: 7 | Y: 13 | Score: -157.4600
AI: 2025/04/17 10:33:10 ai.go:222: Tetrimino: J | Rotation: 3 | X: 0 | Y: 14 | Score: -160.6729
AI: 2025/04/17 10:33:10 ai.go:222: Tetrimino: J | Rotation: 3 | X: 1 | Y: 14 | Score: -155.7309
AI: 2025/04/17 10:33:10 ai.go:222: Tetrimino: J | Rotation: 3 | X: 2 | Y: 14 | Score: -166.2867
AI: 2025/04/17 10:33:10 ai.go:222: Tetrimino: J | Rotation: 3 | X: 3 | Y: 15 | Score: -163.0242
AI: 2025/04/17 10:33:10 ai.go:222: Tetrimino: J | Rotation: 3 | X: 4 | Y: 12 | Score: -202.6658
AI: 2025/04/17 10:33:10 ai.go:222: Tetrimino: J | Rotation: 3 | X: 5 | Y: 12 | Score: -186.2712
AI: 2025/04/17 10:33:10 ai.go:222: Tetrimino: J | Rotation: 3 | X: 6 | Y: 12 | Score: -165.4449
AI: 2025/04/17 10:33:10 ai.go:222: Tetrimino: J | Rotation: 1 | X: 0 | Y: 14 | Score: -160.6729
AI: 2025/04/17 10:33:10 ai.go:222: Tetrimino: J | Rotation: 1 | X: 1 | Y: 14 | Score: -155.7309
AI: 2025/04/17 10:33:10 ai.go:222: Tetrimino: J | Rotation: 1 | X: 2 | Y: 14 | Score: -166.2867
AI: 2025/04/17 10:33:10 ai.go:222: Tetrimino: J | Rotation: 2 | X: 0 | Y: 14 | Score: -160.6729
AI: 2025/04/17 10:33:10 ai.go:222: Tetrimino: J | Rotation: 2 | X: 1 | Y: 14 | Score: -155.7309
AI: 2025/04/17 10:33:10 ai.go:222: Tetrimino: J | Rotation: 2 | X: 2 | Y: 14 | Score: -166.2867
AI: 2025/04/17 10:33:10 ai.go:222: Tetrimino: J | Rotation: 2 | X: 3 | Y: 15 | Score: -163.0242
AI: 2025/04/17 10:33:10 ai.go:222: Tetrimino: J | Rotation: 2 | X: 4 | Y: 12 | Score: -202.6658
AI: 2025/04/17 10:33:10 ai.go:222: Tetrimino: J | Rotation: 0 | X: 0 | Y: 14 | Score: -160.6729
AI: 2025/04/17 10:33:10 ai.go:222: Tetrimino: J | Rotation: 0 | X: 1 | Y: 14 | Score: -155.7309
AI: 2025/04/17 10:33:10 ai.go:222: Tetrimino: J | Rotation: 0 | X: 2 | Y: 14 | Score: -166.2867
AI: 2025/04/17 10:33:10 ai.go:222: Tetrimino: J | Rotation: 3 | X: 7 | Y: 13 | Score: -167.9362
AI: 2025/04/17 10:33:10 ai.go:222: Tetrimino: J | Rotation: 1 | X: 3 | Y: 15 | Score: -163.0242
AI: 2025/04/17 10:33:10 ai.go:222: Tetrimino: J | Rotation: 1 | X: 4 | Y: 12 | Score: -202.6658
AI: 2025/04/17 10:33:10 ai.go:222: Tetrimino: J | Rotation: 1 | X: 5 | Y: 12 | Score: -186.2712
AI: 2025/04/17 10:33:10 ai.go:222: Tetrimino: J | Rotation: 2 | X: 5 | Y: 12 | Score: -186.2712
AI: 2025/04/17 10:33:10 ai.go:222: Tetrimino: J | Rotation: 2 | X: 6 | Y: 12 | Score: -165.4449
AI: 2025/04/17 10:33:10 ai.go:222: Tetrimino: J | Rotation: 2 | X: 7 | Y: 13 | Score: -167.9362
AI: 2025/04/17 10:33:10 ai.go:222: Tetrimino: J | Rotation: 0 | X: 3 | Y: 15 | Score: -163.0242
AI: 2025/04/17 10:33:10 ai.go:222: Tetrimino: J | Rotation: 0 | X: 4 | Y: 12 | Score: -202.6658
AI: 2025/04/17 10:33:10 ai.go:222: Tetrimino: J | Rotation: 0 | X: 5 | Y: 12 | Score: -186.2712
AI: 2025/04/17 10:33:10 ai.go:222: Tetrimino: J | Rotation: 0 | X: 6 | Y: 12 | Score: -165.4449
AI: 2025/04/17 10:33:10 ai.go:222: Tetrimino: J | Rotation: 0 | X: 7 | Y: 13 | Score: -167.9362
AI: 2025/04/17 10:33:10 ai.go:222: Tetrimino: J | Rotation: 1 | X: 6 | Y: 12 | Score: -165.4449
AI: 2025/04/17 10:33:10 ai.go:222: Tetrimino: J | Rotation: 1 | X: 7 | Y: 13 | Score: -167.9362
AI: 2025/04/17 10:33:11 ai.go:222: Tetrimino: S | Rotation: 1 | X: 0 | Y: 13 | Score: -193.6610
AI: 2025/04/17 10:33:11 ai.go:222: Tetrimino: S | Rotation: 1 | X: 1 | Y: 13 | Score: -177.3214
AI: 2025/04/17 10:33:11 ai.go:222: Tetrimino: S | Rotation: 1 | X: 2 | Y: 13 | Score: -193.7710
AI: 2025/04/17 10:33:11 ai.go:222: Tetrimino: S | Rotation: 0 | X: 0 | Y: 13 | Score: -193.6610
AI: 2025/04/17 10:33:11 ai.go:222: Tetrimino: S | Rotation: 0 | X: 1 | Y: 13 | Score: -177.3214
AI: 2025/04/17 10:33:11 ai.go:222: Tetrimino: S | Rotation: 0 | X: 2 | Y: 13 | Score: -193.7710
AI: 2025/04/17 10:33:11 ai.go:222: Tetrimino: S | Rotation: 1 | X: 3 | Y: 13 | Score: -214.3773
AI: 2025/04/17 10:33:11 ai.go:222: Tetrimino: S | Rotation: 0 | X: 3 | Y: 13 | Score: -214.3773
AI: 2025/04/17 10:33:11 ai.go:222: Tetrimino: S | Rotation: 0 | X: 4 | Y: 13 | Score: -208.1351
AI: 2025/04/17 10:33:11 ai.go:222: Tetrimino: S | Rotation: 0 | X: 5 | Y: 12 | Score: -212.2351
AI: 2025/04/17 10:33:11 ai.go:222: Tetrimino: S | Rotation: 1 | X: 4 | Y: 13 | Score: -208.1351
AI: 2025/04/17 10:33:11 ai.go:222: Tetrimino: S | Rotation: 0 | X: 6 | Y: 12 | Score: -191.4088
AI: 2025/04/17 10:33:11 ai.go:222: Tetrimino: S | Rotation: 0 | X: 7 | Y: 13 | Score: -193.5785
AI: 2025/04/17 10:33:11 ai.go:222: Tetrimino: S | Rotation: 1 | X: 5 | Y: 12 | Score: -212.2351
AI: 2025/04/17 10:33:11 ai.go:222: Tetrimino: S | Rotation: 1 | X: 6 | Y: 12 | Score: -191.4088
AI: 2025/04/17 10:33:11 ai.go:222: Tetrimino: S | Rotation: 1 | X: 7 | Y: 13 | Score: -193.5785
AI: 2025/04/17 10:33:12 ai.go:222: Tetrimino: T | Rotation: 3 | X: 0 | Y: 11 | Score: -236.7620
AI: 2025/04/17 10:33:12 ai.go:222: Tetrimino: T | Rotation: 3 | X: 1 | Y: 11 | Score: -207.6753
AI: 2025/04/17 10:33:12 ai.go:222: Tetrimino: T | Rotation: 1 | X: 0 | Y: 11 | Score: -236.7620
AI: 2025/04/17 10:33:12 ai.go:222: Tetrimino: T | Rotation: 1 | X: 1 | Y: 11 | Score: -207.6753
AI: 2025/04/17 10:33:12 ai.go:222: Tetrimino: T | Rotation: 1 | X: 2 | Y: 11 | Score: -230.3670
AI: 2025/04/17 10:33:12 ai.go:222: Tetrimino: T | Rotation: 1 | X: 3 | Y: 11 | Score: -263.7754
AI: 2025/04/17 10:33:12 ai.go:222: Tetrimino: T | Rotation: 2 | X: 0 | Y: 11 | Score: -236.7620
AI: 2025/04/17 10:33:12 ai.go:222: Tetrimino: T | Rotation: 2 | X: 1 | Y: 11 | Score: -207.6753
AI: 2025/04/17 10:33:12 ai.go:222: Tetrimino: T | Rotation: 2 | X: 2 | Y: 11 | Score: -230.3670
AI: 2025/04/17 10:33:12 ai.go:222: Tetrimino: T | Rotation: 2 | X: 3 | Y: 11 | Score: -263.7754
AI: 2025/04/17 10:33:12 ai.go:222: Tetrimino: T | Rotation: 2 | X: 4 | Y: 12 | Score: -249.3818
AI: 2025/04/17 10:33:12 ai.go:222: Tetrimino: T | Rotation: 2 | X: 5 | Y: 12 | Score: -233.2072
AI: 2025/04/17 10:33:12 ai.go:222: Tetrimino: T | Rotation: 2 | X: 6 | Y: 12 | Score: -212.3809
AI: 2025/04/17 10:33:12 ai.go:222: Tetrimino: T | Rotation: 2 | X: 7 | Y: 13 | Score: -214.8722
AI: 2025/04/17 10:33:12 ai.go:222: Tetrimino: T | Rotation: 0 | X: 0 | Y: 11 | Score: -236.7620
AI: 2025/04/17 10:33:12 ai.go:222: Tetrimino: T | Rotation: 0 | X: 1 | Y: 11 | Score: -207.6753
AI: 2025/04/17 10:33:12 ai.go:222: Tetrimino: T | Rotation: 0 | X: 2 | Y: 11 | Score: -230.3670
AI: 2025/04/17 10:33:12 ai.go:222: Tetrimino: T | Rotation: 3 | X: 2 | Y: 11 | Score: -230.3670
AI: 2025/04/17 10:33:12 ai.go:222: Tetrimino: T | Rotation: 1 | X: 4 | Y: 12 | Score: -249.3818
AI: 2025/04/17 10:33:12 ai.go:222: Tetrimino: T | Rotation: 1 | X: 5 | Y: 12 | Score: -233.2072
AI: 2025/04/17 10:33:12 ai.go:222: Tetrimino: T | Rotation: 1 | X: 6 | Y: 12 | Score: -212.3809
AI: 2025/04/17 10:33:12 ai.go:222: Tetrimino: T | Rotation: 1 | X: 7 | Y: 13 | Score: -214.8722
AI: 2025/04/17 10:33:12 ai.go:222: Tetrimino: T | Rotation: 0 | X: 3 | Y: 11 | Score: -263.7754
AI: 2025/04/17 10:33:12 ai.go:222: Tetrimino: T | Rotation: 0 | X: 4 | Y: 12 | Score: -249.3818
AI: 2025/04/17 10:33:12 ai.go:222: Tetrimino: T | Rotation: 0 | X: 5 | Y: 12 | Score: -233.2072
AI: 2025/04/17 10:33:12 ai.go:222: Tetrimino: T | Rotation: 0 | X: 6 | Y: 12 | Score: -212.3809
AI: 2025/04/17 10:33:12 ai.go:222: Tetrimino: T | Rotation: 0 | X: 7 | Y: 13 | Score: -214.8722
AI: 2025/04/17 10:33:12 ai.go:222: Tetrimino: T | Rotation: 3 | X: 3 | Y: 11 | Score: -263.7754
AI: 2025/04/17 10:33:12 ai.go:222: Tetrimino: T | Rotation: 3 | X: 4 | Y: 12 | Score: -249.3818
AI: 2025/04/17 10:33:12 ai.go:222: Tetrimino: T | Rotation: 3 | X: 5 | Y: 12 | Score: -233.2072
AI: 2025/04/17 10:33:12 ai.go:222: Tetrimino: T | Rotation: 3 | X: 6 | Y: 12 | Score: -212.3809
AI: 2025/04/17 10:33:12 ai.go:222: Tetrimino: T | Rotation: 3 | X: 7 | Y: 13 | Score: -214.8722
AI: 2025/04/17 10:33:13 ai.go:222: Tetrimino: Z | Rotation: 1 | X: 0 | Y: 8 | Score: -307.9331
AI: 2025/04/17 10:33:13 ai.go:222: Tetrimino: Z | Rotation: 0 | X: 0 | Y: 8 | Score: -307.9331
AI: 2025/04/17 10:33:13 ai.go:222: Tetrimino: Z | Rotation: 0 | X: 1 | Y: 8 | Score: -278.9563
AI: 2025/04/17 10:33:13 ai.go:222: Tetrimino: Z | Rotation: 0 | X: 2 | Y: 9 | Score: -298.7035
AI: 2025/04/17 10:33:13 ai.go:222: Tetrimino: Z | Rotation: 0 | X: 3 | Y: 12 | Score: -287.6928
AI: 2025/04/17 10:33:13 ai.go:222: Tetrimino: Z | Rotation: 0 | X: 4 | Y: 12 | Score: -294.3077
AI: 2025/04/17 10:33:13 ai.go:222: Tetrimino: Z | Rotation: 1 | X: 1 | Y: 8 | Score: -278.9563
AI: 2025/04/17 10:33:13 ai.go:222: Tetrimino: Z | Rotation: 1 | X: 2 | Y: 9 | Score: -298.7035
AI: 2025/04/17 10:33:13 ai.go:222: Tetrimino: Z | Rotation: 1 | X: 3 | Y: 12 | Score: -287.6928
AI: 2025/04/17 10:33:13 ai.go:222: Tetrimino: Z | Rotation: 1 | X: 4 | Y: 12 | Score: -294.3077
AI: 2025/04/17 10:33:13 ai.go:222: Tetrimino: Z | Rotation: 0 | X: 5 | Y: 12 | Score: -278.1332
AI: 2025/04/17 10:33:13 ai.go:222: Tetrimino: Z | Rotation: 0 | X: 6 | Y: 13 | Score: -236.9839
AI: 2025/04/17 10:33:13 ai.go:222: Tetrimino: Z | Rotation: 1 | X: 5 | Y: 12 | Score: -278.1332
AI: 2025/04/17 10:33:13 ai.go:222: Tetrimino: Z | Rotation: 1 | X: 6 | Y: 13 | Score: -236.9839
AI: 2025/04/17 10:33:13 ai.go:222: Tetrimino: Z | Rotation: 1 | X: 7 | Y: 13 | Score: -259.5657
AI: 2025/04/17 10:33:13 ai.go:222: Tetrimino: Z | Rotation: 0 | X: 7 | Y: 13 | Score: -259.5657
AI: 2025/04/17 10:33:14 ai.go:222: Tetrimino: L | Rotation: 3 | X: 0 | Y: 8 | Score: -321.6210
AI: 2025/04/17 10:33:14 ai.go:222: Tetrimino: L | Rotation: 3 | X: 1 | Y: 8 | Score: -292.6168
AI: 2025/04/17 10:33:14 ai.go:222: Tetrimino: L | Rotation: 3 | X: 2 | Y: 8 | Score: -335.8515
AI: 2025/04/17 10:33:14 ai.go:222: Tetrimino: L | Rotation: 2 | X: 0 | Y: 8 | Score: -321.6210
AI: 2025/04/17 10:33:14 ai.go:222: Tetrimino: L | Rotation: 1 | X: 0 | Y: 8 | Score: -321.6210
AI: 2025/04/17 10:33:14 ai.go:222: Tetrimino: L | Rotation: 0 | X: 0 | Y: 8 | Score: -321.6210
AI: 2025/04/17 10:33:14 ai.go:222: Tetrimino: L | Rotation: 0 | X: 1 | Y: 8 | Score: -292.6168
AI: 2025/04/17 10:33:14 ai.go:222: Tetrimino: L | Rotation: 0 | X: 2 | Y: 8 | Score: -335.8515
AI: 2025/04/17 10:33:14 ai.go:222: Tetrimino: L | Rotation: 0 | X: 3 | Y: 11 | Score: -323.2047
AI: 2025/04/17 10:33:14 ai.go:222: Tetrimino: L | Rotation: 0 | X: 4 | Y: 11 | Score: -323.2597
AI: 2025/04/17 10:33:14 ai.go:222: Tetrimino: L | Rotation: 3 | X: 3 | Y: 11 | Score: -323.2047
AI: 2025/04/17 10:33:14 ai.go:222: Tetrimino: L | Rotation: 3 | X: 4 | Y: 11 | Score: -323.2597
AI: 2025/04/17 10:33:14 ai.go:222: Tetrimino: L | Rotation: 2 | X: 1 | Y: 8 | Score: -292.6168
AI: 2025/04/17 10:33:14 ai.go:222: Tetrimino: L | Rotation: 2 | X: 2 | Y: 8 | Score: -335.8515
AI: 2025/04/17 10:33:14 ai.go:222: Tetrimino: L | Rotation: 2 | X: 3 | Y: 11 | Score: -323.2047
AI: 2025/04/17 10:33:14 ai.go:222: Tetrimino: L | Rotation: 2 | X: 4 | Y: 11 | Score: -323.2597
AI: 2025/04/17 10:33:14 ai.go:222: Tetrimino: L | Rotation: 2 | X: 5 | Y: 11 | Score: -294.2830
AI: 2025/04/17 10:33:14 ai.go:222: Tetrimino: L | Rotation: 1 | X: 1 | Y: 8 | Score: -292.6168
AI: 2025/04/17 10:33:14 ai.go:222: Tetrimino: L | Rotation: 3 | X: 5 | Y: 11 | Score: -294.2830
AI: 2025/04/17 10:33:14 ai.go:222: Tetrimino: L | Rotation: 3 | X: 6 | Y: 11 | Score: -267.2145
AI: 2025/04/17 10:33:14 ai.go:222: Tetrimino: L | Rotation: 3 | X: 7 | Y: 11 | Score: -296.2738
AI: 2025/04/17 10:33:14 ai.go:222: Tetrimino: L | Rotation: 2 | X: 6 | Y: 11 | Score: -267.2145
AI: 2025/04/17 10:33:14 ai.go:222: Tetrimino: L | Rotation: 2 | X: 7 | Y: 11 | Score: -296.2738
AI: 2025/04/17 10:33:14 ai.go:222: Tetrimino: L | Rotation: 0 | X: 5 | Y: 11 | Score: -294.2830
AI: 2025/04/17 10:33:14 ai.go:222: Tetrimino: L | Rotation: 0 | X: 6 | Y: 11 | Score: -267.2145
AI: 2025/04/17 10:33:14 ai.go:222: Tetrimino: L | Rotation: 0 | X: 7 | Y: 11 | Score: -296.2738
AI: 2025/04/17 10:33:14 ai.go:222: Tetrimino: L | Rotation: 1 | X: 2 | Y: 8 | Score: -335.8515
AI: 2025/04/17 10:33:14 ai.go:222: Tetrimino: L | Rotation: 1 | X: 3 | Y: 11 | Score: -323.2047
AI: 2025/04/17 10:33:14 ai.go:222: Tetrimino: L | Rotation: 1 | X: 4 | Y: 11 | Score: -323.2597
AI: 2025/04/17 10:33:14 ai.go:222: Tetrimino: L | Rotation: 1 | X: 5 | Y: 11 | Score: -294.2830
AI: 2025/04/17 10:33:14 ai.go:222: Tetrimino: L | Rotation: 1 | X: 6 | Y: 11 | Score: -267.2145
AI: 2025/04/17 10:33:14 ai.go:222: Tetrimino: L | Rotation: 1 | X: 7 | Y: 11 | Score: -296.2738
AI: 2025/04/17 10:33:15 ai.go:222: Tetrimino: I | Rotation: 1 | X: 0 | Y: 9 | Score: -387.1298
AI: 2025/04/17 10:33:15 ai.go:222: Tetrimino: I | Rotation: 1 | X: 1 | Y: 9 | Score: -387.3773
AI: 2025/04/17 10:33:15 ai.go:222: Tetrimino: I | Rotation: 1 | X: 2 | Y: 9 | Score: -434.6037
AI: 2025/04/17 10:33:15 ai.go:222: Tetrimino: I | Rotation: 0 | X: 0 | Y: 9 | Score: -387.1298
AI: 2025/04/17 10:33:15 ai.go:222: Tetrimino: I | Rotation: 1 | X: 3 | Y: 10 | Score: -411.3391
AI: 2025/04/17 10:33:15 ai.go:222: Tetrimino: I | Rotation: 0 | X: 1 | Y: 9 | Score: -387.3773
AI: 2025/04/17 10:33:15 ai.go:222: Tetrimino: I | Rotation: 0 | X: 2 | Y: 9 | Score: -434.6037
AI: 2025/04/17 10:33:15 ai.go:222: Tetrimino: I | Rotation: 0 | X: 3 | Y: 10 | Score: -411.3391
AI: 2025/04/17 10:33:15 ai.go:222: Tetrimino: I | Rotation: 0 | X: 4 | Y: 10 | Score: -397.5211
AI: 2025/04/17 10:33:15 ai.go:222: Tetrimino: I | Rotation: 0 | X: 5 | Y: 10 | Score: -354.5613
AI: 2025/04/17 10:33:15 ai.go:222: Tetrimino: I | Rotation: 1 | X: 4 | Y: 10 | Score: -397.5211
AI: 2025/04/17 10:33:15 ai.go:222: Tetrimino: I | Rotation: 1 | X: 5 | Y: 10 | Score: -354.5613
AI: 2025/04/17 10:33:15 ai.go:222: Tetrimino: I | Rotation: 0 | X: 6 | Y: 10 | Score: -349.9647
AI: 2025/04/17 10:33:15 ai.go:222: Tetrimino: I | Rotation: 1 | X: 6 | Y: 10 | Score: -349.9647
AI: 2025/04/17 10:33:16 ai.go:222: Tetrimino: O | Rotation: 0 | X: 0 | Y: 9 | Score: -377.6869
AI: 2025/04/17 10:33:16 ai.go:222: Tetrimino: O | Rotation: 0 | X: 1 | Y: 8 | Score: -343.1033
AI: 2025/04/17 10:33:16 ai.go:222: Tetrimino: O | Rotation: 0 | X: 2 | Y: 8 | Score: -357.0863
AI: 2025/04/17 10:33:16 ai.go:222: Tetrimino: O | Rotation: 0 | X: 3 | Y: 11 | Score: -361.8179
AI: 2025/04/17 10:33:16 ai.go:222: Tetrimino: O | Rotation: 0 | X: 4 | Y: 16 | Score: -329.9783
AI: 2025/04/17 10:33:16 ai.go:222: Tetrimino: O | Rotation: 0 | X: 5 | Y: 5 | Score: -417.0775
AI: 2025/04/17 10:33:16 ai.go:222: Tetrimino: O | Rotation: 0 | X: 6 | Y: 5 | Score: -369.4661
AI: 2025/04/17 10:33:16 ai.go:222: Tetrimino: O | Rotation: 0 | X: 7 | Y: 9 | Score: -334.6446
AI: 2025/04/17 10:33:16 ai.go:222: Tetrimino: O | Rotation: 0 | X: 8 | Y: 9 | Score: -377.7419
AI: 2025/04/17 10:33:17 ai.go:222: Tetrimino: J | Rotation: 3 | X: 0 | Y: 8 | Score: -414.4646
AI: 2025/04/17 10:33:17 ai.go:222: Tetrimino: J | Rotation: 3 | X: 1 | Y: 8 | Score: -385.4879
AI: 2025/04/17 10:33:17 ai.go:222: Tetrimino: J | Rotation: 1 | X: 0 | Y: 8 | Score: -414.4646
AI: 2025/04/17 10:33:17 ai.go:222: Tetrimino: J | Rotation: 1 | X: 1 | Y: 8 | Score: -385.4879
AI: 2025/04/17 10:33:17 ai.go:222: Tetrimino: J | Rotation: 1 | X: 2 | Y: 8 | Score: -418.1669
AI: 2025/04/17 10:33:17 ai.go:222: Tetrimino: J | Rotation: 0 | X: 0 | Y: 8 | Score: -414.4646
AI: 2025/04/17 10:33:17 ai.go:222: Tetrimino: J | Rotation: 0 | X: 1 | Y: 8 | Score: -385.4879
AI: 2025/04/17 10:33:17 ai.go:222: Tetrimino: J | Rotation: 0 | X: 2 | Y: 8 | Score: -418.1669
AI: 2025/04/17 10:33:17 ai.go:222: Tetrimino: J | Rotation: 0 | X: 3 | Y: 11 | Score: -390.7109
AI: 2025/04/17 10:33:17 ai.go:222: Tetrimino: J | Rotation: 2 | X: 0 | Y: 8 | Score: -414.4646
AI: 2025/04/17 10:33:17 ai.go:222: Tetrimino: J | Rotation: 2 | X: 1 | Y: 8 | Score: -385.4879
AI: 2025/04/17 10:33:17 ai.go:222: Tetrimino: J | Rotation: 2 | X: 2 | Y: 8 | Score: -418.1669
AI: 2025/04/17 10:33:17 ai.go:222: Tetrimino: J | Rotation: 3 | X: 2 | Y: 8 | Score: -418.1669
AI: 2025/04/17 10:33:17 ai.go:222: Tetrimino: J | Rotation: 1 | X: 3 | Y: 11 | Score: -390.7109
AI: 2025/04/17 10:33:17 ai.go:222: Tetrimino: J | Rotation: 3 | X: 3 | Y: 11 | Score: -390.7109
AI: 2025/04/17 10:33:17 ai.go:222: Tetrimino: J | Rotation: 3 | X: 4 | Y: 5 | Score: -486.6826
AI: 2025/04/17 10:33:17 ai.go:222: Tetrimino: J | Rotation: 1 | X: 4 | Y: 5 | Score: -486.6826
AI: 2025/04/17 10:33:17 ai.go:222: Tetrimino: J | Rotation: 1 | X: 5 | Y: 5 | Score: -454.1686
AI: 2025/04/17 10:33:17 ai.go:222: Tetrimino: J | Rotation: 1 | X: 6 | Y: 5 | Score: -421.4896
AI: 2025/04/17 10:33:17 ai.go:222: Tetrimino: J | Rotation: 1 | X: 7 | Y: 9 | Score: -398.6612
AI: 2025/04/17 10:33:17 ai.go:222: Tetrimino: J | Rotation: 2 | X: 3 | Y: 11 | Score: -390.7109
AI: 2025/04/17 10:33:17 ai.go:222: Tetrimino: J | Rotation: 0 | X: 4 | Y: 5 | Score: -486.6826
AI: 2025/04/17 10:33:17 ai.go:222: Tetrimino: J | Rotation: 0 | X: 5 | Y: 5 | Score: -454.1686
AI: 2025/04/17 10:33:17 ai.go:222: Tetrimino: J | Rotation: 3 | X: 5 | Y: 5 | Score: -454.1686
AI: 2025/04/17 10:33:17 ai.go:222: Tetrimino: J | Rotation: 3 | X: 6 | Y: 5 | Score: -421.4896
AI: 2025/04/17 10:33:17 ai.go:222: Tetrimino: J | Rotation: 3 | X: 7 | Y: 9 | Score: -398.6612
AI: 2025/04/17 10:33:17 ai.go:222: Tetrimino: J | Rotation: 2 | X: 4 | Y: 5 | Score: -486.6826
AI: 2025/04/17 10:33:17 ai.go:222: Tetrimino: J | Rotation: 2 | X: 5 | Y: 5 | Score: -454.1686
AI: 2025/04/17 10:33:17 ai.go:222: Tetrimino: J | Rotation: 2 | X: 6 | Y: 5 | Score: -421.4896
AI: 2025/04/17 10:33:17 ai.go:222: Tetrimino: J | Rotation: 0 | X: 6 | Y: 5 | Score: -421.4896
AI: 2025/04/17 10:33:17 ai.go:222: Tetrimino: J | Rotation: 0 | X: 7 | Y: 9 | Score: -398.6612
AI: 2025/04/17 10:33:17 ai.go:222: Tetrimino: J | Rotation: 2 | X: 7 | Y: 9 | Score: -398.6612
AI: 2025/04/17 10:33:18 ai.go:222: Tetrimino: O | Rotation: 0 | X: 0 | Y: 6 | Score: -458.9903
AI: 2025/04/17 10:33:18 ai.go:222: Tetrimino: O | Rotation: 0 | X: 1 | Y: 6 | Score: -393.1949
AI: 2025/04/17 10:33:18 ai.go:222: Tetrimino: O | Rotation: 0 | X: 2 | Y: 6 | Score: -430.0686
AI: 2025/04/17 10:33:18 ai.go:222: Tetrimino: O | Rotation: 0 | X: 3 | Y: 11 | Score: -406.8827
AI: 2025/04/17 10:33:18 ai.go:222: Tetrimino: O | Rotation: 0 | X: 4 | Y: 14 | Score: -384.3827
AI: 2025/04/17 10:33:18 ai.go:222: Tetrimino: O | Rotation: 0 | X: 5 | Y: 5 | Score: -457.7656
AI: 2025/04/17 10:33:18 ai.go:222: Tetrimino: O | Rotation: 0 | X: 6 | Y: 5 | Score: -425.0866
AI: 2025/04/17 10:33:18 ai.go:222: Tetrimino: O | Rotation: 0 | X: 7 | Y: 9 | Score: -390.2652
AI: 2025/04/17 10:33:18 ai.go:222: Tetrimino: O | Rotation: 0 | X: 8 | Y: 9 | Score: -433.3624
AI: 2025/04/17 10:33:19 ai.go:222: Tetrimino: T | Rotation: 3 | X: 0 | Y: 6 | Score: -478.8339
AI: 2025/04/17 10:33:19 ai.go:222: Tetrimino: T | Rotation: 3 | X: 1 | Y: 6 | Score: -449.8846
AI: 2025/04/17 10:33:19 ai.go:222: Tetrimino: T | Rotation: 1 | X: 0 | Y: 6 | Score: -478.8339
AI: 2025/04/17 10:33:19 ai.go:222: Tetrimino: T | Rotation: 1 | X: 1 | Y: 6 | Score: -449.8846
AI: 2025/04/17 10:33:19 ai.go:222: Tetrimino: T | Rotation: 1 | X: 2 | Y: 6 | Score: -493.3183
AI: 2025/04/17 10:33:19 ai.go:222: Tetrimino: T | Rotation: 1 | X: 3 | Y: 11 | Score: -421.0083
AI: 2025/04/17 10:33:19 ai.go:222: Tetrimino: T | Rotation: 1 | X: 4 | Y: 5 | Score: -516.9251
AI: 2025/04/17 10:33:19 ai.go:222: Tetrimino: T | Rotation: 2 | X: 0 | Y: 6 | Score: -478.8339
AI: 2025/04/17 10:33:19 ai.go:222: Tetrimino: T | Rotation: 2 | X: 1 | Y: 6 | Score: -449.8846
AI: 2025/04/17 10:33:19 ai.go:222: Tetrimino: T | Rotation: 0 | X: 0 | Y: 6 | Score: -478.8339
AI: 2025/04/17 10:33:19 ai.go:222: Tetrimino: T | Rotation: 0 | X: 1 | Y: 6 | Score: -449.8846
AI: 2025/04/17 10:33:19 ai.go:222: Tetrimino: T | Rotation: 0 | X: 2 | Y: 6 | Score: -493.3183
AI: 2025/04/17 10:33:19 ai.go:222: Tetrimino: T | Rotation: 3 | X: 2 | Y: 6 | Score: -493.3183
AI: 2025/04/17 10:33:19 ai.go:222: Tetrimino: T | Rotation: 3 | X: 3 | Y: 11 | Score: -421.0083
AI: 2025/04/17 10:33:19 ai.go:222: Tetrimino: T | Rotation: 1 | X: 5 | Y: 5 | Score: -496.4371
AI: 2025/04/17 10:33:19 ai.go:222: Tetrimino: T | Rotation: 1 | X: 6 | Y: 5 | Score: -475.8941
AI: 2025/04/17 10:33:19 ai.go:222: Tetrimino: T | Rotation: 2 | X: 2 | Y: 6 | Score: -493.3183
AI: 2025/04/17 10:33:19 ai.go:222: Tetrimino: T | Rotation: 2 | X: 3 | Y: 11 | Score: -421.0083
AI: 2025/04/17 10:33:19 ai.go:222: Tetrimino: T | Rotation: 0 | X: 3 | Y: 11 | Score: -421.0083
AI: 2025/04/17 10:33:19 ai.go:222: Tetrimino: T | Rotation: 0 | X: 4 | Y: 5 | Score: -516.9251
AI: 2025/04/17 10:33:19 ai.go:222: Tetrimino: T | Rotation: 0 | X: 5 | Y: 5 | Score: -496.4371
AI: 2025/04/17 10:33:19 ai.go:222: Tetrimino: T | Rotation: 3 | X: 4 | Y: 5 | Score: -516.9251
AI: 2025/04/17 10:33:19 ai.go:222: Tetrimino: T | Rotation: 3 | X: 5 | Y: 5 | Score: -496.4371
AI: 2025/04/17 10:33:19 ai.go:222: Tetrimino: T | Rotation: 3 | X: 6 | Y: 5 | Score: -475.8941
AI: 2025/04/17 10:33:19 ai.go:222: Tetrimino: T | Rotation: 3 | X: 7 | Y: 9 | Score: -453.1207
AI: 2025/04/17 10:33:19 ai.go:222: Tetrimino: T | Rotation: 1 | X: 7 | Y: 9 | Score: -453.1207
AI: 2025/04/17 10:33:19 ai.go:222: Tetrimino: T | Rotation: 2 | X: 4 | Y: 5 | Score: -516.9251
AI: 2025/04/17 10:33:19 ai.go:222: Tetrimino: T | Rotation: 0 | X: 6 | Y: 5 | Score: -475.8941
AI: 2025/04/17 10:33:19 ai.go:222: Tetrimino: T | Rotation: 0 | X: 7 | Y: 9 | Score: -453.1207
AI: 2025/04/17 10:33:19 ai.go:222: Tetrimino: T | Rotation: 2 | X: 5 | Y: 5 | Score: -496.4371
AI: 2025/04/17 10:33:19 ai.go:222: Tetrimino: T | Rotation: 2 | X: 6 | Y: 5 | Score: -475.8941
AI: 2025/04/17 10:33:19 ai.go:222: Tetrimino: T | Rotation: 2 | X: 7 | Y: 9 | Score: -453.1207
AI: 2025/04/17 10:33:20 ai.go:222: Tetrimino: I | Rotation: 1 | X: 0 | Y: 7 | Score: -545.0920
AI: 2025/04/17 10:33:20 ai.go:222: Tetrimino: I | Rotation: 1 | X: 1 | Y: 7 | Score: -502.1597
AI: 2025/04/17 10:33:20 ai.go:222: Tetrimino: I | Rotation: 0 | X: 0 | Y: 7 | Score: -545.0920
AI: 2025/04/17 10:33:20 ai.go:222: Tetrimino: I | Rotation: 0 | X: 1 | Y: 7 | Score: -502.1597
AI: 2025/04/17 10:33:20 ai.go:222: Tetrimino: I | Rotation: 1 | X: 2 | Y: 7 | Score: -531.9044
AI: 2025/04/17 10:33:20 ai.go:222: Tetrimino: I | Rotation: 0 | X: 2 | Y: 7 | Score: -531.9044
AI: 2025/04/17 10:33:20 ai.go:222: Tetrimino: I | Rotation: 0 | X: 3 | Y: 6 | Score: -557.1619
AI: 2025/04/17 10:33:20 ai.go:222: Tetrimino: I | Rotation: 0 | X: 4 | Y: 6 | Score: -550.2529
AI: 2025/04/17 10:33:20 ai.go:222: Tetrimino: I | Rotation: 0 | X: 5 | Y: 6 | Score: -550.2529
AI: 2025/04/17 10:33:20 ai.go:222: Tetrimino: I | Rotation: 0 | X: 6 | Y: 6 | Score: -586.0837
AI: 2025/04/17 10:33:20 ai.go:222: Tetrimino: I | Rotation: 1 | X: 3 | Y: 6 | Score: -557.1619
AI: 2025/04/17 10:33:20 ai.go:222: Tetrimino: I | Rotation: 1 | X: 4 | Y: 6 | Score: -550.2529
AI: 2025/04/17 10:33:20 ai.go:222: Tetrimino: I | Rotation: 1 | X: 5 | Y: 6 | Score: -550.2529
AI: 2025/04/17 10:33:20 ai.go:222: Tetrimino: I | Rotation: 1 | X: 6 | Y: 6 | Score: -586.0837
AI: 2025/04/17 10:33:21 ai.go:222: Tetrimino: Z | Rotation: 1 | X: 0 | Y: 5 | Score: -614.0810
AI: 2025/04/17 10:33:21 ai.go:222: Tetrimino: Z | Rotation: 1 | X: 1 | Y: 5 | Score: -540.2202
AI: 2025/04/17 10:33:21 ai.go:222: Tetrimino: Z | Rotation: 1 | X: 2 | Y: 5 | Score: -540.2202
AI: 2025/04/17 10:33:21 ai.go:222: Tetrimino: Z | Rotation: 1 | X: 3 | Y: 5 | Score: -578.0577
AI: 2025/04/17 10:33:21 ai.go:222: Tetrimino: Z | Rotation: 1 | X: 4 | Y: 5 | Score: -578.0577
AI: 2025/04/17 10:33:21 ai.go:222: Tetrimino: Z | Rotation: 0 | X: 0 | Y: 5 | Score: -614.0810
AI: 2025/04/17 10:33:21 ai.go:222: Tetrimino: Z | Rotation: 0 | X: 1 | Y: 5 | Score: -540.2202
AI: 2025/04/17 10:33:21 ai.go:222: Tetrimino: Z | Rotation: 0 | X: 2 | Y: 5 | Score: -540.2202
AI: 2025/04/17 10:33:21 ai.go:222: Tetrimino: Z | Rotation: 0 | X: 3 | Y: 5 | Score: -578.0577
AI: 2025/04/17 10:33:21 ai.go:222: Tetrimino: Z | Rotation: 0 | X: 4 | Y: 5 | Score: -578.0577
AI: 2025/04/17 10:33:21 ai.go:222: Tetrimino: Z | Rotation: 1 | X: 5 | Y: 5 | Score: -609.0413
AI: 2025/04/17 10:33:21 ai.go:222: Tetrimino: Z | Rotation: 1 | X: 6 | Y: 6 | Score: -576.7299
AI: 2025/04/17 10:33:21 ai.go:222: Tetrimino: Z | Rotation: 1 | X: 7 | Y: 9 | Score: -578.4768
AI: 2025/04/17 10:33:21 ai.go:222: Tetrimino: Z | Rotation: 0 | X: 5 | Y: 5 | Score: -609.0413
AI: 2025/04/17 10:33:21 ai.go:222: Tetrimino: Z | Rotation: 0 | X: 6 | Y: 6 | Score: -576.7299
AI: 2025/04/17 10:33:21 ai.go:222: Tetrimino: Z | Rotation: 0 | X: 7 | Y: 9 | Score: -578.4768
AI: 2025/04/17 10:33:22 ai.go:222: Tetrimino: S | Rotation: 0 | X: 0 | Y: 3 | Score: -662.6452
AI: 2025/04/17 10:33:22 ai.go:222: Tetrimino: S | Rotation: 1 | X: 0 | Y: 3 | Score: -662.6452
AI: 2025/04/17 10:33:22 ai.go:222: Tetrimino: S | Rotation: 0 | X: 1 | Y: 2 | Score: -616.0389
AI: 2025/04/17 10:33:22 ai.go:222: Tetrimino: S | Rotation: 0 | X: 2 | Y: 2 | Score: -632.8635
AI: 2025/04/17 10:33:22 ai.go:222: Tetrimino: S | Rotation: 0 | X: 3 | Y: 5 | Score: -616.4649
AI: 2025/04/17 10:33:22 ai.go:222: Tetrimino: S | Rotation: 0 | X: 4 | Y: 5 | Score: -616.5199
AI: 2025/04/17 10:33:22 ai.go:222: Tetrimino: S | Rotation: 1 | X: 1 | Y: 2 | Score: -616.0389
AI: 2025/04/17 10:33:22 ai.go:222: Tetrimino: S | Rotation: 1 | X: 2 | Y: 2 | Score: -632.8635
AI: 2025/04/17 10:33:22 ai.go:222: Tetrimino: S | Rotation: 1 | X: 3 | Y: 5 | Score: -616.4649
AI: 2025/04/17 10:33:22 ai.go:222: Tetrimino: S | Rotation: 1 | X: 4 | Y: 5 | Score: -616.5199
AI: 2025/04/17 10:33:22 ai.go:222: Tetrimino: S | Rotation: 0 | X: 5 | Y: 5 | Score: -647.5035
AI: 2025/04/17 10:33:22 ai.go:222: Tetrimino: S | Rotation: 1 | X: 5 | Y: 5 | Score: -647.5035
AI: 2025/04/17 10:33:22 ai.go:222: Tetrimino: S | Rotation: 1 | X: 6 | Y: 5 | Score: -640.6495
AI: 2025/04/17 10:33:22 ai.go:222: Tetrimino: S | Rotation: 1 | X: 7 | Y: 9 | Score: -617.0897
AI: 2025/04/17 10:33:22 ai.go:222: Tetrimino: S | Rotation: 0 | X: 6 | Y: 5 | Score: -640.6495
AI: 2025/04/17 10:33:22 ai.go:222: Tetrimino: S | Rotation: 0 | X: 7 | Y: 9 | Score: -617.0897
AI: 2025/04/17 10:33:23 ai.go:222: Tetrimino: L | Rotation: 3 | X: 0 | Y: 0 | Score: -775.8538
AI: 2025/04/17 10:33:23 ai.go:222: Tetrimino: L | Rotation: 3 | X: 1 | Y: 0 | Score: -658.5508
AI: 2025/04/17 10:33:23 ai.go:222: Tetrimino: L | Rotation: 3 | X: 2 | Y: 0 | Score: -693.0034
AI: 2025/04/17 10:33:23 ai.go:222: Tetrimino: L | Rotation: 3 | X: 3 | Y: 0 | Score: -774.3932
AI: 2025/04/17 10:33:23 ai.go:222: Tetrimino: L | Rotation: 0 | X: 0 | Y: 0 | Score: -775.8538
AI: 2025/04/17 10:33:23 ai.go:222: Tetrimino: L | Rotation: 0 | X: 1 | Y: 0 | Score: -658.5508
AI: 2025/04/17 10:33:23 ai.go:222: Tetrimino: L | Rotation: 0 | X: 2 | Y: 0 | Score: -693.0034
AI: 2025/04/17 10:33:23 ai.go:222: Tetrimino: L | Rotation: 0 | X: 3 | Y: 0 | Score: -774.3932
AI: 2025/04/17 10:33:23 ai.go:222: Tetrimino: L | Rotation: 0 | X: 4 | Y: 5 | Score: -683.2425
AI: 2025/04/17 10:33:23 ai.go:222: Tetrimino: L | Rotation: 0 | X: 5 | Y: 5 | Score: -714.2811
AI: 2025/04/17 10:33:23 ai.go:222: Tetrimino: L | Rotation: 2 | X: 0 | Y: 0 | Score: -775.8538
AI: 2025/04/17 10:33:23 ai.go:222: Tetrimino: L | Rotation: 2 | X: 1 | Y: 0 | Score: -658.5508
AI: 2025/04/17 10:33:23 ai.go:222: Tetrimino: L | Rotation: 2 | X: 2 | Y: 0 | Score: -693.0034
AI: 2025/04/17 10:33:23 ai.go:222: Tetrimino: L | Rotation: 2 | X: 3 | Y: 0 | Score: -774.3932
AI: 2025/04/17 10:33:23 ai.go:222: Tetrimino: L | Rotation: 2 | X: 4 | Y: 5 | Score: -683.2425
AI: 2025/04/17 10:33:23 ai.go:222: Tetrimino: L | Rotation: 2 | X: 5 | Y: 5 | Score: -714.2811
AI: 2025/04/17 10:33:23 ai.go:222: Tetrimino: L | Rotation: 2 | X: 6 | Y: 5 | Score: -707.4271
AI: 2025/04/17 10:33:23 ai.go:222: Tetrimino: L | Rotation: 2 | X: 7 | Y: 9 | Score: -684.7494
AI: 2025/04/17 10:33:23 ai.go:222: Tetrimino: L | Rotation: 1 | X: 0 | Y: 0 | Score: -775.8538
AI: 2025/04/17 10:33:23 ai.go:222: Tetrimino: L | Rotation: 1 | X: 1 | Y: 0 | Score: -658.5508
AI: 2025/04/17 10:33:23 ai.go:222: Tetrimino: L | Rotation: 1 | X: 2 | Y: 0 | Score: -693.0034
AI: 2025/04/17 10:33:23 ai.go:222: Tetrimino: L | Rotation: 3 | X: 4 | Y: 5 | Score: -683.2425
AI: 2025/04/17 10:33:23 ai.go:222: Tetrimino: L | Rotation: 3 | X: 5 | Y: 5 | Score: -714.2811
AI: 2025/04/17 10:33:23 ai.go:222: Tetrimino: L | Rotation: 3 | X: 6 | Y: 5 | Score: -707.4271
AI: 2025/04/17 10:33:23 ai.go:222: Tetrimino: L | Rotation: 3 | X: 7 | Y: 9 | Score: -684.7494
AI: 2025/04/17 10:33:23 ai.go:222: Tetrimino: L | Rotation: 0 | X: 6 | Y: 5 | Score: -707.4271
AI: 2025/04/17 10:33:23 ai.go:222: Tetrimino: L | Rotation: 1 | X: 3 | Y: 0 | Score: -774.3932
AI: 2025/04/17 10:33:23 ai.go:222: Tetrimino: L | Rotation: 1 | X: 4 | Y: 5 | Score: -683.2425
AI: 2025/04/17 10:33:23 ai.go:222: Tetrimino: L | Rotation: 1 | X: 5 | Y: 5 | Score: -714.2811
AI: 2025/04/17 10:33:23 ai.go:222: Tetrimino: L | Rotation: 0 | X: 7 | Y: 9 | Score: -684.7494
AI: 2025/04/17 10:33:23 ai.go:222: Tetrimino: L | Rotation: 1 | X: 6 | Y: 5 | Score: -707.4271
AI: 2025/04/17 10:33:23 ai.go:222: Tetrimino: L | Rotation: 1 | X: 7 | Y: 9 | Score: -684.7494
AI: 2025/04/17 10:33:24 ai.go:222: Tetrimino: J | Rotation: 1 | X: 3 | Y: 0 | Score: -808.4767
AI: 2025/04/17 10:33:24 ai.go:222: Tetrimino: J | Rotation: 1 | X: 4 | Y: 5 | Score: -717.4492
AI: 2025/04/17 10:33:24 ai.go:222: Tetrimino: J | Rotation: 1 | X: 5 | Y: 5 | Score: -748.5428
AI: 2025/04/17 10:33:24 ai.go:222: Tetrimino: J | Rotation: 3 | X: 3 | Y: 0 | Score: -808.4767
AI: 2025/04/17 10:33:24 ai.go:222: Tetrimino: J | Rotation: 0 | X: 3 | Y: 0 | Score: -808.4767
AI: 2025/04/17 10:33:24 ai.go:222: Tetrimino: J | Rotation: 3 | X: 4 | Y: 5 | Score: -717.4492
AI: 2025/04/17 10:33:24 ai.go:222: Tetrimino: J | Rotation: 3 | X: 5 | Y: 5 | Score: -748.5428
AI: 2025/04/17 10:33:24 ai.go:222: Tetrimino: J | Rotation: 3 | X: 6 | Y: 5 | Score: -741.6888
AI: 2025/04/17 10:33:24 ai.go:222: Tetrimino: J | Rotation: 3 | X: 7 | Y: 9 | Score: -718.9836
AI: 2025/04/17 10:33:24 ai.go:222: Tetrimino: J | Rotation: 1 | X: 6 | Y: 5 | Score: -741.6888
AI: 2025/04/17 10:33:24 ai.go:222: Tetrimino: J | Rotation: 1 | X: 7 | Y: 9 | Score: -718.9836
AI: 2025/04/17 10:33:24 ai.go:222: Tetrimino: J | Rotation: 2 | X: 3 | Y: 0 | Score: -808.4767
AI: 2025/04/17 10:33:24 ai.go:222: Tetrimino: J | Rotation: 2 | X: 4 | Y: 5 | Score: -717.4492
AI: 2025/04/17 10:33:24 ai.go:222: Tetrimino: J | Rotation: 2 | X: 5 | Y: 5 | Score: -748.5428
AI: 2025/04/17 10:33:24 ai.go:222: Tetrimino: J | Rotation: 2 | X: 6 | Y: 5 | Score: -741.6888
AI: 2025/04/17 10:33:24 ai.go:222: Tetrimino: J | Rotation: 2 | X: 7 | Y: 9 | Score: -718.9836
AI: 2025/04/17 10:33:24 ai.go:222: Tetrimino: J | Rotation: 0 | X: 4 | Y: 5 | Score: -717.4492
AI: 2025/04/17 10:33:24 ai.go:222: Tetrimino: J | Rotation: 0 | X: 5 | Y: 5 | Score: -748.5428
AI: 2025/04/17 10:33:24 ai.go:222: Tetrimino: J | Rotation: 0 | X: 6 | Y: 5 | Score: -741.6888
AI: 2025/04/17 10:33:24 ai.go:222: Tetrimino: J | Rotation: 0 | X: 7 | Y: 9 | Score: -718.9836
AI: 2025/04/17 10:33:25 ai.go:222: Tetrimino: Z | Rotation: 1 | X: 2 | Y: 0 | Score: -777.5342
AI: 2025/04/17 10:33:25 ai.go:222: Tetrimino: Z | Rotation: 1 | X: 3 | Y: 1 | Score: -793.8558
AI: 2025/04/17 10:33:25 ai.go:222: Tetrimino: Z | Rotation: 1 | X: 4 | Y: 4 | Score: -747.7848
AI: 2025/04/17 10:33:25 ai.go:222: Tetrimino: Z | Rotation: 1 | X: 5 | Y: 4 | Score: -795.6480
AI: 2025/04/17 10:33:25 ai.go:222: Tetrimino: Z | Rotation: 0 | X: 2 | Y: 0 | Score: -777.5342
AI: 2025/04/17 10:33:25 ai.go:222: Tetrimino: Z | Rotation: 1 | X: 6 | Y: 5 | Score: -808.9902
AI: 2025/04/17 10:33:25 ai.go:222: Tetrimino: Z | Rotation: 0 | X: 3 | Y: 1 | Score: -793.8558
AI: 2025/04/17 10:33:25 ai.go:222: Tetrimino: Z | Rotation: 1 | X: 7 | Y: 9 | Score: -793.7663
AI: 2025/04/17 10:33:25 ai.go:222: Tetrimino: Z | Rotation: 0 | X: 4 | Y: 4 | Score: -747.7848
AI: 2025/04/17 10:33:25 ai.go:222: Tetrimino: Z | Rotation: 0 | X: 5 | Y: 4 | Score: -795.6480
AI: 2025/04/17 10:33:25 ai.go:222: Tetrimino: Z | Rotation: 0 | X: 6 | Y: 5 | Score: -808.9902
AI: 2025/04/17 10:33:25 ai.go:222: Tetrimino: Z | Rotation: 0 | X: 7 | Y: 9 | Score: -793.7663
AI: 2025/04/17 10:33:26 ai.go:222: Tetrimino: S | Rotation: 1 | X: 3 | Y: 0 | Score: -817.9854
AI: 2025/04/17 10:33:26 ai.go:222: Tetrimino: S | Rotation: 1 | X: 4 | Y: 0 | Score: -853.2842
AI: 2025/04/17 10:33:26 ai.go:222: Tetrimino: S | Rotation: 1 | X: 5 | Y: 0 | Score: -918.7753
AI: 2025/04/17 10:33:26 ai.go:222: Tetrimino: S | Rotation: 1 | X: 6 | Y: 4 | Score: -883.7363
AI: 2025/04/17 10:33:26 ai.go:222: Tetrimino: S | Rotation: 0 | X: 3 | Y: 0 | Score: -817.9854
AI: 2025/04/17 10:33:26 ai.go:222: Tetrimino: S | Rotation: 0 | X: 4 | Y: 0 | Score: -853.2842
AI: 2025/04/17 10:33:26 ai.go:222: Tetrimino: S | Rotation: 1 | X: 7 | Y: 9 | Score: -842.5901
AI: 2025/04/17 10:33:26 ai.go:222: Tetrimino: S | Rotation: 0 | X: 5 | Y: 0 | Score: -918.7753
AI: 2025/04/17 10:33:26 ai.go:222: Tetrimino: S | Rotation: 0 | X: 6 | Y: 4 | Score: -883.7363
AI: 2025/04/17 10:33:26 ai.go:222: Tetrimino: S | Rotation: 0 | X: 7 | Y: 9 | Score: -842.5901
